<?xml version="1.0" encoding="UTF-8"?>
<!-- Generated by org.testng.reporters.JUnitReportReporter -->
<testsuite hostname="DESKTOP-TQ4D1OL" failures="0" tests="1" name="com.azure.Tests.Demo2" time="0.013" errors="0" timestamp="2022-12-31T12:24:14 IST" skipped="0">
  <testcase classname="com.azure.Tests.Demo2" name="mynewfile" time="0.013"/>
  <system-out/>
</testsuite> <!-- com.azure.Tests.Demo2 -->
