<?xml version="1.0" encoding="UTF-8"?>
<!-- Generated by org.testng.reporters.JUnitReportReporter -->
<testsuite hostname="DESKTOP-TQ4D1OL" failures="0" tests="1" name="com.azure.Tests.HomePageTest" time="8.889" errors="0" timestamp="2022-12-31T18:19:41 IST" skipped="0">
  <testcase classname="com.azure.Tests.HomePageTest" name="CheckProductaddedToCard" time="8.889"/>
  <system-out/>
</testsuite> <!-- com.azure.Tests.HomePageTest -->
