<?xml version="1.0" encoding="UTF-8"?>
<!-- Generated by org.testng.reporters.JUnitReportReporter -->
<testsuite hostname="DESKTOP-TQ4D1OL" failures="0" tests="1" name="com.azure.Tests.LoginPageTest" time="11.059" errors="0" timestamp="2023-01-08T17:42:30 IST" skipped="0">
  <testcase classname="com.azure.Tests.LoginPageTest" name="LoginTest" time="11.059"/>
  <system-out/>
</testsuite> <!-- com.azure.Tests.LoginPageTest -->
